[2025-01-17 09:42:13Z INFO HostContext] No proxy settings were found based on environmental variables (http_proxy/https_proxy/HTTP_PROXY/HTTPS_PROXY)
[2025-01-17 09:42:13Z INFO HostContext] Well known directory 'Bin': '/Users/syedaquratulainasad/.Trash/actions-runner 11.41.42/actions-runner/bin'
[2025-01-17 09:42:13Z INFO HostContext] Well known directory 'Root': '/Users/syedaquratulainasad/.Trash/actions-runner 11.41.42/actions-runner'
[2025-01-17 09:42:13Z INFO HostContext] Well known config file 'Credentials': '/Users/syedaquratulainasad/.Trash/actions-runner 11.41.42/actions-runner/.credentials'
[2025-01-17 09:42:13Z INFO HostContext] Well known directory 'Bin': '/Users/syedaquratulainasad/.Trash/actions-runner 11.41.42/actions-runner/bin'
[2025-01-17 09:42:13Z INFO HostContext] Well known directory 'Root': '/Users/syedaquratulainasad/.Trash/actions-runner 11.41.42/actions-runner'
[2025-01-17 09:42:13Z INFO HostContext] Well known config file 'Runner': '/Users/syedaquratulainasad/.Trash/actions-runner 11.41.42/actions-runner/.runner'
[2025-01-17 09:42:13Z INFO Listener] Runner is built for OSX (Arm64) - osx-arm64.
[2025-01-17 09:42:13Z INFO Listener] RuntimeInformation: Darwin 23.6.0 Darwin Kernel Version 23.6.0: Fri Jul  5 17:56:39 PDT 2024; root:xnu-10063.141.1~2/RELEASE_ARM64_T8122.
[2025-01-17 09:42:13Z INFO Listener] Version: 2.321.0
[2025-01-17 09:42:13Z INFO Listener] Commit: e249007931b7c8e857797fa259c167f0bd4f997a
[2025-01-17 09:42:13Z INFO Listener] Culture: en-US
[2025-01-17 09:42:13Z INFO Listener] UI Culture: en-US
[2025-01-17 09:42:13Z INFO HostContext] Well known directory 'Bin': '/Users/syedaquratulainasad/.Trash/actions-runner 11.41.42/actions-runner/bin'
[2025-01-17 09:42:13Z INFO HostContext] Well known directory 'Root': '/Users/syedaquratulainasad/.Trash/actions-runner 11.41.42/actions-runner'
[2025-01-17 09:42:13Z INFO Listener] Validating directory permissions for: '/Users/syedaquratulainasad/.Trash/actions-runner 11.41.42/actions-runner'
[2025-01-17 09:42:13Z ERR  Terminal] WRITE ERROR: An error occurred: Permission to read the directory contents is required for '/Users/syedaquratulainasad/.Trash/actions-runner 11.41.42/actions-runner' and each directory up the hierarchy. Access to the path '/Users/syedaquratulainasad/.Trash/actions-runner 11.41.42' is denied.
[2025-01-17 09:42:13Z ERR  Listener] System.UnauthorizedAccessException: Permission to read the directory contents is required for '/Users/syedaquratulainasad/.Trash/actions-runner 11.41.42/actions-runner' and each directory up the hierarchy. Access to the path '/Users/syedaquratulainasad/.Trash/actions-runner 11.41.42' is denied.
 ---> System.UnauthorizedAccessException: Access to the path '/Users/syedaquratulainasad/.Trash/actions-runner 11.41.42' is denied.
 ---> System.IO.IOException: Operation not permitted
   --- End of inner exception stack trace ---
   at System.IO.Enumeration.FileSystemEnumerator`1.CreateDirectoryHandle(String path, Boolean ignoreNotFound)
   at System.IO.Enumeration.FileSystemEnumerator`1.Init()
   at System.IO.Enumeration.FileSystemEnumerable`1..ctor(String directory, FindTransform transform, EnumerationOptions options, Boolean isNormalized)
   at System.IO.Enumeration.FileSystemEnumerableFactory.UserEntries(String directory, String expression, EnumerationOptions options)
   at System.IO.Directory.InternalEnumeratePaths(String path, String searchPattern, SearchTarget searchTarget, EnumerationOptions options)
   at GitHub.Runner.Sdk.IOUtil.ValidateExecutePermission(String directory)
   --- End of inner exception stack trace ---
   at GitHub.Runner.Sdk.IOUtil.ValidateExecutePermission(String directory)
   at GitHub.Runner.Listener.Program.MainAsync(IHostContext context, String[] args)
[2025-01-17 09:42:13Z ERR  Listener] #####################################################
[2025-01-17 09:42:13Z ERR  Listener] System.UnauthorizedAccessException: Access to the path '/Users/syedaquratulainasad/.Trash/actions-runner 11.41.42' is denied.
 ---> System.IO.IOException: Operation not permitted
   --- End of inner exception stack trace ---
   at System.IO.Enumeration.FileSystemEnumerator`1.CreateDirectoryHandle(String path, Boolean ignoreNotFound)
   at System.IO.Enumeration.FileSystemEnumerator`1.Init()
   at System.IO.Enumeration.FileSystemEnumerable`1..ctor(String directory, FindTransform transform, EnumerationOptions options, Boolean isNormalized)
   at System.IO.Enumeration.FileSystemEnumerableFactory.UserEntries(String directory, String expression, EnumerationOptions options)
   at System.IO.Directory.InternalEnumeratePaths(String path, String searchPattern, SearchTarget searchTarget, EnumerationOptions options)
   at GitHub.Runner.Sdk.IOUtil.ValidateExecutePermission(String directory)
[2025-01-17 09:42:13Z ERR  Listener] #####################################################
[2025-01-17 09:42:13Z ERR  Listener] System.IO.IOException: Operation not permitted
