[2025-01-17 09:46:23Z INFO HostContext] No proxy settings were found based on environmental variables (http_proxy/https_proxy/HTTP_PROXY/HTTPS_PROXY)
[2025-01-17 09:46:23Z INFO HostContext] Well known directory 'Bin': '/Users/syedaquratulainasad/IdeaProjects/web-automation-playwright/actions-runner 11.41.42/actions-runner/bin'
[2025-01-17 09:46:23Z INFO HostContext] Well known directory 'Root': '/Users/syedaquratulainasad/IdeaProjects/web-automation-playwright/actions-runner 11.41.42/actions-runner'
[2025-01-17 09:46:23Z INFO HostContext] Well known config file 'Credentials': '/Users/syedaquratulainasad/IdeaProjects/web-automation-playwright/actions-runner 11.41.42/actions-runner/.credentials'
[2025-01-17 09:46:23Z INFO HostContext] Well known directory 'Bin': '/Users/syedaquratulainasad/IdeaProjects/web-automation-playwright/actions-runner 11.41.42/actions-runner/bin'
[2025-01-17 09:46:23Z INFO HostContext] Well known directory 'Root': '/Users/syedaquratulainasad/IdeaProjects/web-automation-playwright/actions-runner 11.41.42/actions-runner'
[2025-01-17 09:46:23Z INFO HostContext] Well known config file 'Runner': '/Users/syedaquratulainasad/IdeaProjects/web-automation-playwright/actions-runner 11.41.42/actions-runner/.runner'
[2025-01-17 09:46:23Z INFO Listener] Runner is built for OSX (Arm64) - osx-arm64.
[2025-01-17 09:46:23Z INFO Listener] RuntimeInformation: Darwin 23.6.0 Darwin Kernel Version 23.6.0: Fri Jul  5 17:56:39 PDT 2024; root:xnu-10063.141.1~2/RELEASE_ARM64_T8122.
[2025-01-17 09:46:23Z INFO Listener] Version: 2.321.0
[2025-01-17 09:46:23Z INFO Listener] Commit: e249007931b7c8e857797fa259c167f0bd4f997a
[2025-01-17 09:46:23Z INFO Listener] Culture: en-US
[2025-01-17 09:46:23Z INFO Listener] UI Culture: en-US
[2025-01-17 09:46:23Z INFO HostContext] Well known directory 'Bin': '/Users/syedaquratulainasad/IdeaProjects/web-automation-playwright/actions-runner 11.41.42/actions-runner/bin'
[2025-01-17 09:46:23Z INFO HostContext] Well known directory 'Root': '/Users/syedaquratulainasad/IdeaProjects/web-automation-playwright/actions-runner 11.41.42/actions-runner'
[2025-01-17 09:46:23Z INFO Listener] Validating directory permissions for: '/Users/syedaquratulainasad/IdeaProjects/web-automation-playwright/actions-runner 11.41.42/actions-runner'
[2025-01-17 09:46:23Z INFO CommandLineParser] Parse
[2025-01-17 09:46:23Z INFO CommandLineParser] Parsing 1 args
[2025-01-17 09:46:23Z INFO CommandLineParser] parsing argument
[2025-01-17 09:46:23Z INFO CommandLineParser] HasArgs: False
[2025-01-17 09:46:23Z INFO CommandLineParser] Adding Command: run
[2025-01-17 09:46:23Z INFO Listener] Arguments parsed
[2025-01-17 09:46:23Z INFO Runner] ExecuteCommand
[2025-01-17 09:46:23Z INFO ConfigurationStore] currentAssemblyLocation: /Users/syedaquratulainasad/IdeaProjects/web-automation-playwright/actions-runner 11.41.42/actions-runner/bin/Runner.Listener.dll
[2025-01-17 09:46:23Z INFO HostContext] Well known directory 'Bin': '/Users/syedaquratulainasad/IdeaProjects/web-automation-playwright/actions-runner 11.41.42/actions-runner/bin'
[2025-01-17 09:46:23Z INFO ConfigurationStore] binPath: /Users/syedaquratulainasad/IdeaProjects/web-automation-playwright/actions-runner 11.41.42/actions-runner/bin
[2025-01-17 09:46:23Z INFO HostContext] Well known directory 'Bin': '/Users/syedaquratulainasad/IdeaProjects/web-automation-playwright/actions-runner 11.41.42/actions-runner/bin'
[2025-01-17 09:46:23Z INFO HostContext] Well known directory 'Root': '/Users/syedaquratulainasad/IdeaProjects/web-automation-playwright/actions-runner 11.41.42/actions-runner'
[2025-01-17 09:46:23Z INFO ConfigurationStore] RootFolder: /Users/syedaquratulainasad/IdeaProjects/web-automation-playwright/actions-runner 11.41.42/actions-runner
[2025-01-17 09:46:23Z INFO HostContext] Well known directory 'Bin': '/Users/syedaquratulainasad/IdeaProjects/web-automation-playwright/actions-runner 11.41.42/actions-runner/bin'
[2025-01-17 09:46:23Z INFO HostContext] Well known directory 'Root': '/Users/syedaquratulainasad/IdeaProjects/web-automation-playwright/actions-runner 11.41.42/actions-runner'
[2025-01-17 09:46:23Z INFO HostContext] Well known config file 'Runner': '/Users/syedaquratulainasad/IdeaProjects/web-automation-playwright/actions-runner 11.41.42/actions-runner/.runner'
[2025-01-17 09:46:23Z INFO ConfigurationStore] ConfigFilePath: /Users/syedaquratulainasad/IdeaProjects/web-automation-playwright/actions-runner 11.41.42/actions-runner/.runner
[2025-01-17 09:46:23Z INFO HostContext] Well known directory 'Bin': '/Users/syedaquratulainasad/IdeaProjects/web-automation-playwright/actions-runner 11.41.42/actions-runner/bin'
[2025-01-17 09:46:23Z INFO HostContext] Well known directory 'Root': '/Users/syedaquratulainasad/IdeaProjects/web-automation-playwright/actions-runner 11.41.42/actions-runner'
[2025-01-17 09:46:23Z INFO HostContext] Well known config file 'Credentials': '/Users/syedaquratulainasad/IdeaProjects/web-automation-playwright/actions-runner 11.41.42/actions-runner/.credentials'
[2025-01-17 09:46:23Z INFO ConfigurationStore] CredFilePath: /Users/syedaquratulainasad/IdeaProjects/web-automation-playwright/actions-runner 11.41.42/actions-runner/.credentials
[2025-01-17 09:46:23Z INFO HostContext] Well known directory 'Bin': '/Users/syedaquratulainasad/IdeaProjects/web-automation-playwright/actions-runner 11.41.42/actions-runner/bin'
[2025-01-17 09:46:23Z INFO HostContext] Well known directory 'Root': '/Users/syedaquratulainasad/IdeaProjects/web-automation-playwright/actions-runner 11.41.42/actions-runner'
[2025-01-17 09:46:23Z INFO HostContext] Well known config file 'MigratedCredentials': '/Users/syedaquratulainasad/IdeaProjects/web-automation-playwright/actions-runner 11.41.42/actions-runner/.credentials_migrated'
[2025-01-17 09:46:23Z INFO ConfigurationStore] MigratedCredFilePath: /Users/syedaquratulainasad/IdeaProjects/web-automation-playwright/actions-runner 11.41.42/actions-runner/.credentials_migrated
[2025-01-17 09:46:23Z INFO HostContext] Well known directory 'Bin': '/Users/syedaquratulainasad/IdeaProjects/web-automation-playwright/actions-runner 11.41.42/actions-runner/bin'
[2025-01-17 09:46:23Z INFO HostContext] Well known directory 'Root': '/Users/syedaquratulainasad/IdeaProjects/web-automation-playwright/actions-runner 11.41.42/actions-runner'
[2025-01-17 09:46:23Z INFO HostContext] Well known config file 'Service': '/Users/syedaquratulainasad/IdeaProjects/web-automation-playwright/actions-runner 11.41.42/actions-runner/.service'
[2025-01-17 09:46:23Z INFO ConfigurationStore] ServiceConfigFilePath: /Users/syedaquratulainasad/IdeaProjects/web-automation-playwright/actions-runner 11.41.42/actions-runner/.service
[2025-01-17 09:46:23Z INFO CommandSettings] Flag 'help': 'False'
[2025-01-17 09:46:23Z INFO CommandSettings] Flag 'version': 'False'
[2025-01-17 09:46:23Z INFO CommandSettings] Flag 'commit': 'False'
[2025-01-17 09:46:23Z INFO CommandSettings] Flag 'check': 'False'
[2025-01-17 09:46:23Z INFO CommandSettings] Command 'configure': 'False'
[2025-01-17 09:46:23Z INFO CommandSettings] Command 'remove': 'False'
[2025-01-17 09:46:23Z INFO CommandSettings] Command 'warmup': 'False'
[2025-01-17 09:46:23Z INFO ConfigurationManager] LoadSettings
[2025-01-17 09:46:23Z INFO ConfigurationStore] IsConfigured()
[2025-01-17 09:46:23Z INFO ConfigurationStore] IsConfigured: True
[2025-01-17 09:46:23Z INFO ConfigurationManager] Is configured: True
[2025-01-17 09:46:23Z INFO ConfigurationStore] Read setting file: 314 chars
[2025-01-17 09:46:23Z INFO ConfigurationManager] Settings Loaded
[2025-01-17 09:46:23Z INFO ConfigurationStore] IsServiceConfigured()
[2025-01-17 09:46:23Z INFO ConfigurationStore] IsServiceConfigured: False
[2025-01-17 09:46:23Z INFO CommandSettings] Command 'run': 'True'
[2025-01-17 09:46:23Z INFO ConfigurationStore] IsConfigured()
[2025-01-17 09:46:23Z INFO ConfigurationStore] IsConfigured: True
[2025-01-17 09:46:23Z INFO ConfigurationManager] Is configured: True
[2025-01-17 09:46:23Z INFO Runner] Could not parse the argument value '' for StartupType. Defaulting to Manual
[2025-01-17 09:46:23Z INFO Runner] Set runner startup type - Manual
[2025-01-17 09:46:23Z INFO CommandSettings] Flag 'once': 'False'
[2025-01-17 09:46:23Z INFO CommandSettings] Flag 'once': 'False'
[2025-01-17 09:46:23Z INFO Runner] RunAsync
[2025-01-17 09:46:23Z INFO ConfigurationManager] LoadSettings
[2025-01-17 09:46:23Z INFO ConfigurationStore] IsConfigured()
[2025-01-17 09:46:23Z INFO ConfigurationStore] IsConfigured: True
[2025-01-17 09:46:23Z INFO ConfigurationManager] Is configured: True
[2025-01-17 09:46:23Z INFO ConfigurationManager] Settings Loaded
[2025-01-17 09:46:23Z INFO MessageListener] {
  "AgentId": 21,
  "AgentName": "Syedas-Air",
  "PoolId": 1,
  "PoolName": "Default",
  "ServerUrl": "https://pipelinesghubeus23.actions.githubusercontent.com/ogWLSES1ZGxTrAXItahzuZcmq9KSMKz3AHeuNqFmti0FGOiNt1/",
  "GitHubUrl": "https://github.com/SyedaQurat/web-automation-playwright",
  "WorkFolder": "_work"
}
[2025-01-17 09:46:23Z INFO MessageListener] Loading Credentials
[2025-01-17 09:46:23Z INFO ConfigurationStore] HasCredentials()
[2025-01-17 09:46:23Z INFO ConfigurationStore] stored True
[2025-01-17 09:46:23Z INFO CredentialManager] GetCredentialProvider
[2025-01-17 09:46:23Z INFO CredentialManager] Creating type OAuth
[2025-01-17 09:46:23Z INFO CredentialManager] Creating credential type: OAuth
[2025-01-17 09:46:23Z INFO HostContext] Well known directory 'Bin': '/Users/syedaquratulainasad/IdeaProjects/web-automation-playwright/actions-runner 11.41.42/actions-runner/bin'
[2025-01-17 09:46:23Z INFO HostContext] Well known directory 'Root': '/Users/syedaquratulainasad/IdeaProjects/web-automation-playwright/actions-runner 11.41.42/actions-runner'
[2025-01-17 09:46:23Z INFO HostContext] Well known config file 'RSACredentials': '/Users/syedaquratulainasad/IdeaProjects/web-automation-playwright/actions-runner 11.41.42/actions-runner/.credentials_rsaparams'
[2025-01-17 09:46:23Z INFO RSAFileKeyManager] Loading RSA key parameters from file /Users/syedaquratulainasad/IdeaProjects/web-automation-playwright/actions-runner 11.41.42/actions-runner/.credentials_rsaparams
[2025-01-17 09:46:23Z INFO MessageListener] Attempt to create session.
[2025-01-17 09:46:23Z INFO MessageListener] Connecting to the Runner Server...
[2025-01-17 09:46:23Z INFO RunnerServer] EstablishVssConnection
[2025-01-17 09:46:23Z INFO RunnerServer] Establish connection with 100 seconds timeout.
[2025-01-17 09:46:23Z INFO GitHubActionsService] Starting operation Location.GetConnectionData
[2025-01-17 09:46:23Z INFO RunnerServer] EstablishVssConnection
[2025-01-17 09:46:23Z INFO RunnerServer] Establish connection with 60 seconds timeout.
[2025-01-17 09:46:23Z INFO GitHubActionsService] Starting operation Location.GetConnectionData
[2025-01-17 09:46:23Z INFO RunnerServer] EstablishVssConnection
[2025-01-17 09:46:23Z INFO RunnerServer] Establish connection with 60 seconds timeout.
[2025-01-17 09:46:23Z INFO GitHubActionsService] Starting operation Location.GetConnectionData
[2025-01-17 09:46:23Z INFO GitHubActionsService] Finished operation Location.GetConnectionData
[2025-01-17 09:46:23Z INFO GitHubActionsService] Finished operation Location.GetConnectionData
[2025-01-17 09:46:23Z INFO GitHubActionsService] Finished operation Location.GetConnectionData
[2025-01-17 09:46:23Z INFO MessageListener] VssConnection created
[2025-01-17 09:46:23Z INFO Terminal] WRITE LINE: 
[2025-01-17 09:46:23Z INFO Terminal] WRITE LINE: 
[2025-01-17 09:46:24Z INFO RSAFileKeyManager] Loading RSA key parameters from file /Users/syedaquratulainasad/IdeaProjects/web-automation-playwright/actions-runner 11.41.42/actions-runner/.credentials_rsaparams
[2025-01-17 09:46:24Z INFO RSAFileKeyManager] Loading RSA key parameters from file /Users/syedaquratulainasad/IdeaProjects/web-automation-playwright/actions-runner 11.41.42/actions-runner/.credentials_rsaparams
[2025-01-17 09:46:24Z INFO GitHubActionsService] AAD Correlation ID for this token request: Unknown
[2025-01-17 09:46:24Z INFO MessageListener] Session created.
[2025-01-17 09:46:24Z INFO Terminal] WRITE LINE: Current runner version: '2.321.0'
[2025-01-17 09:46:24Z INFO Terminal] WRITE LINE: 2025-01-17 09:46:24Z: Listening for Jobs
[2025-01-17 09:46:24Z INFO JobDispatcher] Set runner/worker IPC timeout to 30 seconds.
[2025-01-17 09:46:24Z INFO RSAFileKeyManager] Loading RSA key parameters from file /Users/syedaquratulainasad/IdeaProjects/web-automation-playwright/actions-runner 11.41.42/actions-runner/.credentials_rsaparams
[2025-01-17 09:46:24Z INFO GitHubActionsService] AAD Correlation ID for this token request: Unknown
[2025-01-17 09:53:02Z INFO MessageListener] Message '7813945979170178972' received from session 'e225b130-4d87-405a-a3b2-57c0fdf811fd'.
[2025-01-17 09:53:02Z INFO ConfigurationStore] HasCredentials()
[2025-01-17 09:53:02Z INFO ConfigurationStore] stored True
[2025-01-17 09:53:02Z INFO CredentialManager] GetCredentialProvider
[2025-01-17 09:53:02Z INFO CredentialManager] Creating type OAuth
[2025-01-17 09:53:02Z INFO CredentialManager] Creating credential type: OAuth
[2025-01-17 09:53:02Z INFO RSAFileKeyManager] Loading RSA key parameters from file /Users/syedaquratulainasad/IdeaProjects/web-automation-playwright/actions-runner 11.41.42/actions-runner/.credentials_rsaparams
[2025-01-17 09:53:02Z INFO ActionsRunServer] EstablishVssConnection
[2025-01-17 09:53:02Z INFO ActionsRunServer] Establish connection with 100 seconds timeout.
[2025-01-17 09:53:02Z INFO GitHubActionsService] Starting operation Location.GetConnectionData
[2025-01-17 09:53:03Z INFO GitHubActionsService] Finished operation Location.GetConnectionData
[2025-01-17 09:53:03Z INFO RSAFileKeyManager] Loading RSA key parameters from file /Users/syedaquratulainasad/IdeaProjects/web-automation-playwright/actions-runner 11.41.42/actions-runner/.credentials_rsaparams
[2025-01-17 09:53:03Z INFO RSAFileKeyManager] Loading RSA key parameters from file /Users/syedaquratulainasad/IdeaProjects/web-automation-playwright/actions-runner 11.41.42/actions-runner/.credentials_rsaparams
[2025-01-17 09:53:03Z INFO GitHubActionsService] AAD Correlation ID for this token request: Unknown
[2025-01-17 09:53:03Z INFO JobDispatcher] Job request 3 for plan 5f4f7336-63bd-467e-a641-47be0d71d7a8 job df841f87-2cc2-5411-13cb-f5162ada7fd7 received.
[2025-01-17 09:53:03Z INFO JobDispatcher] Pull OrchestrationId 5f4f7336-63bd-467e-a641-47be0d71d7a8.self_hosted_job.__default from JWT claims
[2025-01-17 09:53:03Z INFO MessageListener] Received job status event. JobState: Busy
[2025-01-17 09:53:03Z INFO MessageListener] _getMessagesTokenSource is already disposed.
[2025-01-17 09:53:03Z INFO Terminal] WRITE LINE: 2025-01-17 09:53:03Z: Running job: the self hosted job runner
[2025-01-17 09:53:03Z INFO JobDispatcher] Start renew job request 3 for job df841f87-2cc2-5411-13cb-f5162ada7fd7.
[2025-01-17 09:53:04Z INFO JobDispatcher] Successfully renew job request 3, job is valid till 1/17/2025 10:03:04 AM
[2025-01-17 09:53:04Z INFO HostContext] Well known directory 'Bin': '/Users/syedaquratulainasad/IdeaProjects/web-automation-playwright/actions-runner 11.41.42/actions-runner/bin'
[2025-01-17 09:53:04Z INFO ProcessInvokerWrapper] Starting process:
[2025-01-17 09:53:04Z INFO ProcessInvokerWrapper]   File name: '/Users/syedaquratulainasad/IdeaProjects/web-automation-playwright/actions-runner 11.41.42/actions-runner/bin/Runner.Worker'
[2025-01-17 09:53:04Z INFO ProcessInvokerWrapper]   Arguments: 'spawnclient 150 153'
[2025-01-17 09:53:04Z INFO ProcessInvokerWrapper]   Working directory: '/Users/syedaquratulainasad/IdeaProjects/web-automation-playwright/actions-runner 11.41.42/actions-runner/bin'
[2025-01-17 09:53:04Z INFO ProcessInvokerWrapper]   Require exit code zero: 'False'
[2025-01-17 09:53:04Z INFO ProcessInvokerWrapper]   Encoding web name:  ; code page: ''
[2025-01-17 09:53:04Z INFO ProcessInvokerWrapper]   Force kill process on cancellation: 'True'
[2025-01-17 09:53:04Z INFO ProcessInvokerWrapper]   Redirected STDIN: 'False'
[2025-01-17 09:53:04Z INFO ProcessInvokerWrapper]   Persist current code page: 'False'
[2025-01-17 09:53:04Z INFO ProcessInvokerWrapper]   Keep redirected STDIN open: 'False'
[2025-01-17 09:53:04Z INFO ProcessInvokerWrapper]   High priority process: 'True'
[2025-01-17 09:53:04Z INFO ProcessInvokerWrapper] Process started with process id 26659, waiting for process exit.
[2025-01-17 09:53:04Z INFO JobDispatcher] Send job request message to worker for job df841f87-2cc2-5411-13cb-f5162ada7fd7.
[2025-01-17 09:53:04Z INFO ProcessChannel] Sending message of length 24016, with hash '249d4c64f310d3ac3e541894d8547593062363c4b016ad9dcfdd581c48d17bf5'
[2025-01-17 09:53:04Z INFO JobNotification] Entering JobStarted Notification
[2025-01-17 09:53:04Z INFO JobNotification] Entering StartMonitor
[2025-01-17 09:53:11Z INFO ProcessInvokerWrapper] STDOUT/STDERR stream read finished.
[2025-01-17 09:53:11Z INFO ProcessInvokerWrapper] STDOUT/STDERR stream read finished.
[2025-01-17 09:53:11Z INFO ProcessInvokerWrapper] Finished process 26659 with exit code 102, and elapsed time 00:00:07.0110930.
[2025-01-17 09:53:11Z INFO JobDispatcher] Worker finished for job df841f87-2cc2-5411-13cb-f5162ada7fd7. Code: 102
[2025-01-17 09:53:11Z INFO JobDispatcher] finish job request for job df841f87-2cc2-5411-13cb-f5162ada7fd7 with result: Failed
[2025-01-17 09:53:11Z INFO Terminal] WRITE LINE: 2025-01-17 09:53:11Z: Job the self hosted job runner completed with result: Failed
[2025-01-17 09:53:11Z INFO JobDispatcher] Stop renew job request for job df841f87-2cc2-5411-13cb-f5162ada7fd7.
[2025-01-17 09:53:11Z INFO JobDispatcher] job renew has been cancelled, stop renew job request 3.
[2025-01-17 09:53:11Z INFO JobNotification] Entering JobCompleted Notification
[2025-01-17 09:53:11Z INFO JobNotification] Entering EndMonitor
[2025-01-17 09:53:11Z INFO MessageListener] Received job status event. JobState: Online
